1515781233180	geckodriver	INFO	geckodriver 0.19.1
1515781233187	geckodriver	INFO	Listening on 127.0.0.1:62077
1515781235424	mozrunner::runner	INFO	Running command: "C:\\Program Files (x86)\\Mozilla Firefox\\firefox.exe" "-marionette" "-profile" "C:\\Users\\SAQIBK~1\\AppData\\Local\\Temp\\rust_mozprofile.LxUb12k3lhtf"
1515781235718	addons.manager	DEBUG	Application has been upgraded
1515781235810	addons.manager	DEBUG	Loaded provider scope for resource://gre/modules/addons/XPIProvider.jsm: ["XPIProvider", "XPIInternal"]
1515781235818	addons.manager	DEBUG	Loaded provider scope for resource://gre/modules/LightweightThemeManager.jsm: ["LightweightThemeManager"]
1515781235891	addons.manager	DEBUG	Loaded provider scope for resource://gre/modules/addons/GMPProvider.jsm
1515781235893	addons.manager	DEBUG	Loaded provider scope for resource://gre/modules/addons/PluginProvider.jsm
1515781235893	addons.manager	DEBUG	Starting provider: XPIProvider
1515781235893	addons.xpi	DEBUG	startup
1515781235894	addons.xpi	INFO	SystemAddonInstallLocation directory is missing
1515781235894	addons.xpi	INFO	Removing all system add-on upgrades.
1515781235894	addons.xpi	DEBUG	checkForChanges
1515781235894	addons.xpi	DEBUG	Loaded add-on state: ${}
1515781235895	addons.xpi	INFO	Mapping activity-stream@mozilla.org to C:\Program Files (x86)\Mozilla Firefox\browser\features\activity-stream@mozilla.org.xpi
1515781235895	addons.xpi	INFO	Mapping aushelper@mozilla.org to C:\Program Files (x86)\Mozilla Firefox\browser\features\aushelper@mozilla.org.xpi
1515781235895	addons.xpi	INFO	Mapping e10srollout@mozilla.org to C:\Program Files (x86)\Mozilla Firefox\browser\features\e10srollout@mozilla.org.xpi
1515781235895	addons.xpi	INFO	Mapping firefox@getpocket.com to C:\Program Files (x86)\Mozilla Firefox\browser\features\firefox@getpocket.com.xpi
1515781235895	addons.xpi	INFO	Mapping followonsearch@mozilla.com to C:\Program Files (x86)\Mozilla Firefox\browser\features\followonsearch@mozilla.com.xpi
1515781235895	addons.xpi	INFO	Mapping formautofill@mozilla.org to C:\Program Files (x86)\Mozilla Firefox\browser\features\formautofill@mozilla.org.xpi
1515781235895	addons.xpi	INFO	Mapping onboarding@mozilla.org to C:\Program Files (x86)\Mozilla Firefox\browser\features\onboarding@mozilla.org.xpi
1515781235895	addons.xpi	INFO	Mapping screenshots@mozilla.org to C:\Program Files (x86)\Mozilla Firefox\browser\features\screenshots@mozilla.org.xpi
1515781235895	addons.xpi	INFO	Mapping shield-recipe-client@mozilla.org to C:\Program Files (x86)\Mozilla Firefox\browser\features\shield-recipe-client@mozilla.org.xpi
1515781235896	addons.xpi	INFO	Mapping webcompat@mozilla.org to C:\Program Files (x86)\Mozilla Firefox\browser\features\webcompat@mozilla.org.xpi
1515781235896	addons.xpi	DEBUG	New add-on activity-stream@mozilla.org in app-system-defaults
1515781235896	addons.xpi	INFO	Mapping activity-stream@mozilla.org to C:\Program Files (x86)\Mozilla Firefox\browser\features\activity-stream@mozilla.org.xpi
1515781235897	addons.xpi	DEBUG	New add-on aushelper@mozilla.org in app-system-defaults
1515781235897	addons.xpi	INFO	Mapping aushelper@mozilla.org to C:\Program Files (x86)\Mozilla Firefox\browser\features\aushelper@mozilla.org.xpi
1515781235898	addons.xpi	DEBUG	New add-on e10srollout@mozilla.org in app-system-defaults
1515781235898	addons.xpi	INFO	Mapping e10srollout@mozilla.org to C:\Program Files (x86)\Mozilla Firefox\browser\features\e10srollout@mozilla.org.xpi
1515781235898	addons.xpi	DEBUG	New add-on firefox@getpocket.com in app-system-defaults
1515781235898	addons.xpi	INFO	Mapping firefox@getpocket.com to C:\Program Files (x86)\Mozilla Firefox\browser\features\firefox@getpocket.com.xpi
1515781235899	addons.xpi	DEBUG	New add-on followonsearch@mozilla.com in app-system-defaults
1515781235899	addons.xpi	INFO	Mapping followonsearch@mozilla.com to C:\Program Files (x86)\Mozilla Firefox\browser\features\followonsearch@mozilla.com.xpi
1515781235899	addons.xpi	DEBUG	New add-on formautofill@mozilla.org in app-system-defaults
1515781235899	addons.xpi	INFO	Mapping formautofill@mozilla.org to C:\Program Files (x86)\Mozilla Firefox\browser\features\formautofill@mozilla.org.xpi
1515781235899	addons.xpi	DEBUG	New add-on onboarding@mozilla.org in app-system-defaults
1515781235900	addons.xpi	INFO	Mapping onboarding@mozilla.org to C:\Program Files (x86)\Mozilla Firefox\browser\features\onboarding@mozilla.org.xpi
1515781235900	addons.xpi	DEBUG	New add-on screenshots@mozilla.org in app-system-defaults
1515781235900	addons.xpi	INFO	Mapping screenshots@mozilla.org to C:\Program Files (x86)\Mozilla Firefox\browser\features\screenshots@mozilla.org.xpi
1515781235900	addons.xpi	DEBUG	New add-on shield-recipe-client@mozilla.org in app-system-defaults
1515781235900	addons.xpi	INFO	Mapping shield-recipe-client@mozilla.org to C:\Program Files (x86)\Mozilla Firefox\browser\features\shield-recipe-client@mozilla.org.xpi
1515781235900	addons.xpi	DEBUG	New add-on webcompat@mozilla.org in app-system-defaults
1515781235901	addons.xpi	INFO	Mapping webcompat@mozilla.org to C:\Program Files (x86)\Mozilla Firefox\browser\features\webcompat@mozilla.org.xpi
1515781235901	addons.xpi	INFO	Mapping {972ce4c6-7e08-4474-a285-3208198ce6fd} to C:\Program Files (x86)\Mozilla Firefox\browser\extensions\{972ce4c6-7e08-4474-a285-3208198ce6fd}.xpi
1515781235901	addons.xpi	DEBUG	New add-on {972ce4c6-7e08-4474-a285-3208198ce6fd} in app-global
1515781235901	addons.xpi	INFO	Mapping {972ce4c6-7e08-4474-a285-3208198ce6fd} to C:\Program Files (x86)\Mozilla Firefox\browser\extensions\{972ce4c6-7e08-4474-a285-3208198ce6fd}.xpi
1515781235902	addons.xpi	DEBUG	getInstallState changed: true, state: {}
1515781235902	addons.xpi	INFO	SystemAddonInstallLocation directory is missing
1515781235906	addons.xpi-utils	DEBUG	Opening XPI database C:\Users\Saqib kamal\AppData\Local\Temp\rust_mozprofile.LxUb12k3lhtf\extensions.json
1515781235908	addons.xpi-utils	DEBUG	New add-on activity-stream@mozilla.org installed in app-system-defaults
*** Blocklist::_loadBlocklistFromFile: blocklist is disabled
1515781236116	DeferredSave.extensions.json	DEBUG	Save changes
1515781236117	addons.xpi-utils	DEBUG	New add-on aushelper@mozilla.org installed in app-system-defaults
1515781236142	DeferredSave.extensions.json	DEBUG	Starting timer
1515781236143	DeferredSave.extensions.json	DEBUG	Save changes
1515781236143	addons.xpi-utils	DEBUG	New add-on e10srollout@mozilla.org installed in app-system-defaults
1515781236156	DeferredSave.extensions.json	DEBUG	Save changes
1515781236156	addons.xpi-utils	DEBUG	New add-on firefox@getpocket.com installed in app-system-defaults
1515781236159	DeferredSave.extensions.json	DEBUG	Save changes
1515781236159	addons.xpi-utils	DEBUG	New add-on followonsearch@mozilla.com installed in app-system-defaults
1515781236162	DeferredSave.extensions.json	DEBUG	Save changes
1515781236162	addons.xpi-utils	DEBUG	New add-on formautofill@mozilla.org installed in app-system-defaults
1515781236236	DeferredSave.extensions.json	DEBUG	Save changes
1515781236236	addons.xpi-utils	DEBUG	New add-on onboarding@mozilla.org installed in app-system-defaults
1515781236358	DeferredSave.extensions.json	DEBUG	Save changes
1515781236358	addons.xpi-utils	DEBUG	New add-on screenshots@mozilla.org installed in app-system-defaults
1515781236411	DeferredSave.extensions.json	DEBUG	Save changes
1515781236411	addons.xpi-utils	DEBUG	New add-on shield-recipe-client@mozilla.org installed in app-system-defaults
1515781236413	DeferredSave.extensions.json	DEBUG	Save changes
1515781236414	addons.xpi-utils	DEBUG	New add-on webcompat@mozilla.org installed in app-system-defaults
1515781236440	DeferredSave.extensions.json	DEBUG	Save changes
1515781236441	addons.xpi-utils	DEBUG	New add-on {972ce4c6-7e08-4474-a285-3208198ce6fd} installed in app-global
1515781236462	DeferredSave.extensions.json	DEBUG	Save changes
1515781236462	addons.manager	DEBUG	Registering startup change 'installed' for activity-stream@mozilla.org
1515781236467	addons.xpi	DEBUG	Loading bootstrap scope from C:\Program Files (x86)\Mozilla Firefox\browser\features\activity-stream@mozilla.org.xpi
1515781236469	addons.xpi	DEBUG	Calling bootstrap method install on activity-stream@mozilla.org version 2017.11.07.1100-7f4e3634
1515781236469	addons.xpi-utils	DEBUG	Make addon app-system-defaults:activity-stream@mozilla.org visible
1515781236470	addons.xpi	DEBUG	Updating XPIState for {"id":"activity-stream@mozilla.org","syncGUID":"{c2e665cf-0550-4c8b-bbde-e0bcc2ab54bf}","location":"app-system-defaults","version":"2017.11.07.1100-7f4e3634","type":"extension","internalName":null,"updateURL":null,"updateKey":null,"optionsURL":null,"optionsType":null,"aboutURL":null,"defaultLocale":{"name":"Activity Stream","description":"A rich visual history feed and a reimagined home page make it easier than ever to find exactly what you're looking for in Firefox.","creator":null,"homepageURL":null},"visible":true,"active":false,"userDisabled":false,"appDisabled":false,"installDate":1515180659192,"updateDate":1515180659192,"applyBackgroundUpdates":1,"bootstrap":true,"path":"C:\\Program Files (x86)\\Mozilla Firefox\\browser\\features\\activity-stream@mozilla.org.xpi","skinnable":false,"size":1423182,"sourceURI":null,"releaseNotesURI":null,"softDisabled":false,"foreignInstall":false,"hasBinaryComponents":false,"strictCompatibility":false,"locales":[],"targetApplications":[{"id":"{ec8030f7-c20a-464f-9b0e-13a3a9e97384}","minVersion":"57.0.4","maxVersion":"57.*"}],"targetPlatforms":[],"multiprocessCompatible":true,"seen":true,"dependencies":[],"hasEmbeddedWebExtension":false,"mpcOptedOut":false,"userPermissions":null,"icons":{},"iconURL":null,"icon64URL":null,"blocklistState":0,"blocklistURL":null}
1515781236485	DeferredSave.extensions.json	DEBUG	Save changes
1515781236485	addons.manager	DEBUG	Registering startup change 'installed' for aushelper@mozilla.org
1515781236485	addons.xpi	DEBUG	Loading bootstrap scope from C:\Program Files (x86)\Mozilla Firefox\browser\features\aushelper@mozilla.org.xpi
1515781236487	addons.xpi	DEBUG	Calling bootstrap method install on aushelper@mozilla.org version 2.0
1515781236487	addons.xpi-utils	DEBUG	Make addon app-system-defaults:aushelper@mozilla.org visible
1515781236487	addons.xpi	DEBUG	Updating XPIState for {"id":"aushelper@mozilla.org","syncGUID":"{9e32437d-c8cf-41f6-aad9-9c599f03c374}","location":"app-system-defaults","version":"2.0","type":"extension","internalName":null,"updateURL":null,"updateKey":null,"optionsURL":null,"optionsType":null,"aboutURL":null,"defaultLocale":{"name":"Application Update Service Helper","description":"Sets value(s) in the update url based on custom checks.","creator":null,"homepageURL":null},"visible":true,"active":false,"userDisabled":false,"appDisabled":false,"installDate":1515180658796,"updateDate":1515180658796,"applyBackgroundUpdates":1,"bootstrap":true,"path":"C:\\Program Files (x86)\\Mozilla Firefox\\browser\\features\\aushelper@mozilla.org.xpi","skinnable":false,"size":8488,"sourceURI":null,"releaseNotesURI":null,"softDisabled":false,"foreignInstall":false,"hasBinaryComponents":false,"strictCompatibility":false,"locales":[],"targetApplications":[{"id":"{ec8030f7-c20a-464f-9b0e-13a3a9e97384}","minVersion":"57.0.4","maxVersion":"57.*"}],"targetPlatforms":[],"multiprocessCompatible":true,"seen":true,"dependencies":[],"hasEmbeddedWebExtension":false,"mpcOptedOut":false,"userPermissions":null,"icons":{},"iconURL":null,"icon64URL":null,"blocklistState":0,"blocklistURL":null}
1515781236487	DeferredSave.extensions.json	DEBUG	Save changes
1515781236487	addons.manager	DEBUG	Registering startup change 'installed' for e10srollout@mozilla.org
1515781236488	addons.xpi	DEBUG	Loading bootstrap scope from C:\Program Files (x86)\Mozilla Firefox\browser\features\e10srollout@mozilla.org.xpi
1515781236525	addons.xpi	DEBUG	Calling bootstrap method install on e10srollout@mozilla.org version 3.05
1515781236526	addons.xpi-utils	DEBUG	Make addon app-system-defaults:e10srollout@mozilla.org visible
1515781236526	addons.xpi	DEBUG	Updating XPIState for {"id":"e10srollout@mozilla.org","syncGUID":"{ec6ba136-4aee-4c63-80d6-3f2b6523599c}","location":"app-system-defaults","version":"3.05","type":"extension","internalName":null,"updateURL":null,"updateKey":null,"optionsURL":null,"optionsType":null,"aboutURL":null,"defaultLocale":{"name":"Multi-process staged rollout","description":"Staged rollout of Firefox multi-process feature.","creator":null,"homepageURL":null},"visible":true,"active":false,"userDisabled":false,"appDisabled":false,"installDate":1515180658670,"updateDate":1515180658670,"applyBackgroundUpdates":1,"bootstrap":true,"path":"C:\\Program Files (x86)\\Mozilla Firefox\\browser\\features\\e10srollout@mozilla.org.xpi","skinnable":false,"size":13479,"sourceURI":null,"releaseNotesURI":null,"softDisabled":false,"foreignInstall":false,"hasBinaryComponents":false,"strictCompatibility":false,"locales":[],"targetApplications":[{"id":"{ec8030f7-c20a-464f-9b0e-13a3a9e97384}","minVersion":"57.0.4","maxVersion":"57.*"}],"targetPlatforms":[],"multiprocessCompatible":true,"seen":true,"dependencies":[],"hasEmbeddedWebExtension":false,"mpcOptedOut":false,"userPermissions":null,"icons":{},"iconURL":null,"icon64URL":null,"blocklistState":0,"blocklistURL":null}
1515781236526	DeferredSave.extensions.json	DEBUG	Save changes
1515781236526	addons.manager	DEBUG	Registering startup change 'installed' for firefox@getpocket.com
1515781236526	addons.xpi	DEBUG	Loading bootstrap scope from C:\Program Files (x86)\Mozilla Firefox\browser\features\firefox@getpocket.com.xpi
1515781236542	addons.xpi	DEBUG	Calling bootstrap method install on firefox@getpocket.com version 1.0.5
1515781236542	addons.xpi-utils	DEBUG	Make addon app-system-defaults:firefox@getpocket.com visible
1515781236542	addons.xpi	DEBUG	Updating XPIState for {"id":"firefox@getpocket.com","syncGUID":"{09476ec7-453c-410e-a6c7-d5c4fc420879}","location":"app-system-defaults","version":"1.0.5","type":"extension","internalName":null,"updateURL":null,"updateKey":null,"optionsURL":null,"optionsType":null,"aboutURL":null,"defaultLocale":{"name":"Pocket","description":"When you find something you want to view later, put it in Pocket.","creator":null,"homepageURL":null},"visible":true,"active":false,"userDisabled":false,"appDisabled":false,"installDate":1515180658373,"updateDate":1515180658373,"applyBackgroundUpdates":1,"bootstrap":true,"path":"C:\\Program Files (x86)\\Mozilla Firefox\\browser\\features\\firefox@getpocket.com.xpi","skinnable":false,"size":914808,"sourceURI":null,"releaseNotesURI":null,"softDisabled":false,"foreignInstall":false,"hasBinaryComponents":false,"strictCompatibility":false,"locales":[],"targetApplications":[{"id":"{ec8030f7-c20a-464f-9b0e-13a3a9e97384}","minVersion":"57.0.4","maxVersion":"57.*"}],"targetPlatforms":[],"multiprocessCompatible":true,"seen":true,"dependencies":[],"hasEmbeddedWebExtension":false,"mpcOptedOut":false,"userPermissions":null,"icons":{},"iconURL":null,"icon64URL":null,"blocklistState":0,"blocklistURL":null}
1515781236542	DeferredSave.extensions.json	DEBUG	Save changes
1515781236542	addons.manager	DEBUG	Registering startup change 'installed' for followonsearch@mozilla.com
1515781236543	addons.xpi	DEBUG	Loading bootstrap scope from C:\Program Files (x86)\Mozilla Firefox\browser\features\followonsearch@mozilla.com.xpi
1515781236544	addons.xpi	DEBUG	Calling bootstrap method install on followonsearch@mozilla.com version 0.9.6
1515781236544	addons.xpi-utils	DEBUG	Make addon app-system-defaults:followonsearch@mozilla.com visible
1515781236544	addons.xpi	DEBUG	Updating XPIState for {"id":"followonsearch@mozilla.com","syncGUID":"{dff25fd3-948e-4c62-9400-ac98234a5fc2}","location":"app-system-defaults","version":"0.9.6","type":"extension","internalName":null,"updateURL":null,"updateKey":null,"optionsURL":null,"optionsType":null,"aboutURL":null,"defaultLocale":{"name":"Follow-on Search Telemetry","description":null,"creator":null,"homepageURL":null},"visible":true,"active":false,"userDisabled":false,"appDisabled":false,"installDate":1512754338646,"updateDate":1512754338646,"applyBackgroundUpdates":1,"bootstrap":true,"path":"C:\\Program Files (x86)\\Mozilla Firefox\\browser\\features\\followonsearch@mozilla.com.xpi","skinnable":false,"size":18625,"sourceURI":null,"releaseNotesURI":null,"softDisabled":false,"foreignInstall":false,"hasBinaryComponents":false,"strictCompatibility":false,"locales":[],"targetApplications":[{"id":"{ec8030f7-c20a-464f-9b0e-13a3a9e97384}","minVersion":"52.0","maxVersion":"59.*"}],"targetPlatforms":[],"multiprocessCompatible":true,"seen":true,"dependencies":[],"hasEmbeddedWebExtension":false,"mpcOptedOut":false,"userPermissions":null,"icons":{},"iconURL":null,"icon64URL":null,"blocklistState":0,"blocklistURL":null}
1515781236545	DeferredSave.extensions.json	DEBUG	Save changes
1515781236545	addons.manager	DEBUG	Registering startup change 'installed' for formautofill@mozilla.org
1515781236545	addons.xpi	DEBUG	Loading bootstrap scope from C:\Program Files (x86)\Mozilla Firefox\browser\features\formautofill@mozilla.org.xpi
1515781236546	addons.xpi	DEBUG	Calling bootstrap method install on formautofill@mozilla.org version 1.0
1515781236547	addons.xpi-utils	DEBUG	Make addon app-system-defaults:formautofill@mozilla.org visible
1515781236547	addons.xpi	DEBUG	Updating XPIState for {"id":"formautofill@mozilla.org","syncGUID":"{278bdb97-057f-46d1-be11-1a55b66e66b2}","location":"app-system-defaults","version":"1.0","type":"extension","internalName":null,"updateURL":null,"updateKey":null,"optionsURL":null,"optionsType":null,"aboutURL":null,"defaultLocale":{"name":"Form Autofill","description":"Autofill forms with saved profiles","creator":null,"homepageURL":null},"visible":true,"active":false,"userDisabled":false,"appDisabled":false,"installDate":1515180658014,"updateDate":1515180658014,"applyBackgroundUpdates":1,"bootstrap":true,"path":"C:\\Program Files (x86)\\Mozilla Firefox\\browser\\features\\formautofill@mozilla.org.xpi","skinnable":false,"size":380181,"sourceURI":null,"releaseNotesURI":null,"softDisabled":false,"foreignInstall":false,"hasBinaryComponents":false,"strictCompatibility":false,"locales":[],"targetApplications":[{"id":"{ec8030f7-c20a-464f-9b0e-13a3a9e97384}","minVersion":"57.0.4","maxVersion":"57.*"}],"targetPlatforms":[],"multiprocessCompatible":true,"seen":true,"dependencies":[],"hasEmbeddedWebExtension":false,"mpcOptedOut":false,"userPermissions":null,"icons":{},"iconURL":null,"icon64URL":null,"blocklistState":0,"blocklistURL":null}
1515781236547	DeferredSave.extensions.json	DEBUG	Save changes
1515781236547	addons.manager	DEBUG	Registering startup change 'installed' for onboarding@mozilla.org
1515781236548	addons.xpi	DEBUG	Loading bootstrap scope from C:\Program Files (x86)\Mozilla Firefox\browser\features\onboarding@mozilla.org.xpi
1515781236549	addons.xpi	DEBUG	Calling bootstrap method install on onboarding@mozilla.org version 1.0
1515781236550	addons.xpi-utils	DEBUG	Make addon app-system-defaults:onboarding@mozilla.org visible
1515781236550	addons.xpi	DEBUG	Updating XPIState for {"id":"onboarding@mozilla.org","syncGUID":"{2a33ce27-4435-4f33-9b1c-8c103f5085e0}","location":"app-system-defaults","version":"1.0","type":"extension","internalName":null,"updateURL":null,"updateKey":null,"optionsURL":null,"optionsType":null,"aboutURL":null,"defaultLocale":{"name":"Photon onboarding","description":"Photon onboarding","creator":null,"homepageURL":null},"visible":true,"active":false,"userDisabled":false,"appDisabled":false,"installDate":1515180657668,"updateDate":1515180657668,"applyBackgroundUpdates":1,"bootstrap":true,"path":"C:\\Program Files (x86)\\Mozilla Firefox\\browser\\features\\onboarding@mozilla.org.xpi","skinnable":false,"size":550106,"sourceURI":null,"releaseNotesURI":null,"softDisabled":false,"foreignInstall":false,"hasBinaryComponents":false,"strictCompatibility":false,"locales":[],"targetApplications":[{"id":"{ec8030f7-c20a-464f-9b0e-13a3a9e97384}","minVersion":"57.0.4","maxVersion":"57.*"}],"targetPlatforms":[],"multiprocessCompatible":true,"seen":true,"dependencies":[],"hasEmbeddedWebExtension":false,"mpcOptedOut":false,"userPermissions":null,"icons":{},"iconURL":null,"icon64URL":null,"blocklistState":0,"blocklistURL":null}
1515781236550	DeferredSave.extensions.json	DEBUG	Save changes
1515781236550	addons.manager	DEBUG	Registering startup change 'installed' for screenshots@mozilla.org
1515781236550	addons.xpi	DEBUG	Loading bootstrap scope from C:\Program Files (x86)\Mozilla Firefox\browser\features\screenshots@mozilla.org.xpi
1515781236552	addons.xpi	DEBUG	Calling bootstrap method install on screenshots@mozilla.org version 19.2.0
1515781236552	addons.xpi-utils	DEBUG	Make addon app-system-defaults:screenshots@mozilla.org visible
1515781236553	addons.xpi	DEBUG	Updating XPIState for {"id":"screenshots@mozilla.org","syncGUID":"{453d394c-3d76-49e6-ab53-8fcc504fd24c}","location":"app-system-defaults","version":"19.2.0","type":"extension","internalName":null,"updateURL":null,"updateKey":null,"optionsURL":null,"optionsType":null,"aboutURL":null,"defaultLocale":{"name":"Firefox Screenshots","description":null,"creator":null,"homepageURL":"https://screenshots.firefox.com/"},"visible":true,"active":false,"userDisabled":false,"appDisabled":false,"installDate":1512754338428,"updateDate":1512754338428,"applyBackgroundUpdates":1,"bootstrap":true,"path":"C:\\Program Files (x86)\\Mozilla Firefox\\browser\\features\\screenshots@mozilla.org.xpi","skinnable":false,"size":884473,"sourceURI":null,"releaseNotesURI":null,"softDisabled":false,"foreignInstall":false,"hasBinaryComponents":false,"strictCompatibility":false,"locales":[],"targetApplications":[{"id":"{ec8030f7-c20a-464f-9b0e-13a3a9e97384}","minVersion":"57.0a1","maxVersion":"*"}],"targetPlatforms":[],"multiprocessCompatible":true,"seen":true,"dependencies":[],"hasEmbeddedWebExtension":false,"mpcOptedOut":false,"userPermissions":null,"icons":{},"iconURL":null,"icon64URL":null,"blocklistState":0,"blocklistURL":null}
1515781236553	DeferredSave.extensions.json	DEBUG	Save changes
1515781236553	addons.manager	DEBUG	Registering startup change 'installed' for shield-recipe-client@mozilla.org
1515781236553	addons.xpi	DEBUG	Loading bootstrap scope from C:\Program Files (x86)\Mozilla Firefox\browser\features\shield-recipe-client@mozilla.org.xpi
1515781236556	addons.xpi	DEBUG	Calling bootstrap method install on shield-recipe-client@mozilla.org version 76.1
1515781236556	addons.xpi-utils	DEBUG	Make addon app-system-defaults:shield-recipe-client@mozilla.org visible
1515781236557	addons.xpi	DEBUG	Updating XPIState for {"id":"shield-recipe-client@mozilla.org","syncGUID":"{4a056057-6312-4cbb-a0be-5b49551682c5}","location":"app-system-defaults","version":"76.1","type":"extension","internalName":null,"updateURL":null,"updateKey":null,"optionsURL":null,"optionsType":null,"aboutURL":null,"defaultLocale":{"name":"Shield Recipe Client","description":"Client to download and run recipes for SHIELD, Heartbeat, etc.","creator":null,"homepageURL":null},"visible":true,"active":false,"userDisabled":false,"appDisabled":false,"installDate":1515180656552,"updateDate":1515180656552,"applyBackgroundUpdates":1,"bootstrap":true,"path":"C:\\Program Files (x86)\\Mozilla Firefox\\browser\\features\\shield-recipe-client@mozilla.org.xpi","skinnable":false,"size":364002,"sourceURI":null,"releaseNotesURI":null,"softDisabled":false,"foreignInstall":false,"hasBinaryComponents":false,"strictCompatibility":false,"locales":[],"targetApplications":[{"id":"{ec8030f7-c20a-464f-9b0e-13a3a9e97384}","minVersion":"57.0.4","maxVersion":"57.*"}],"targetPlatforms":[],"multiprocessCompatible":true,"seen":true,"dependencies":[],"hasEmbeddedWebExtension":false,"mpcOptedOut":false,"userPermissions":null,"icons":{},"iconURL":null,"icon64URL":null,"blocklistState":0,"blocklistURL":null}
1515781236557	DeferredSave.extensions.json	DEBUG	Save changes
1515781236557	addons.manager	DEBUG	Registering startup change 'installed' for webcompat@mozilla.org
1515781236557	addons.xpi	DEBUG	Loading bootstrap scope from C:\Program Files (x86)\Mozilla Firefox\browser\features\webcompat@mozilla.org.xpi
1515781236558	addons.xpi	DEBUG	Calling bootstrap method install on webcompat@mozilla.org version 1.1
1515781236558	addons.xpi-utils	DEBUG	Make addon app-system-defaults:webcompat@mozilla.org visible
1515781236559	addons.xpi	DEBUG	Updating XPIState for {"id":"webcompat@mozilla.org","syncGUID":"{fca875d1-cf2f-4fe7-b58a-0c0af790b38e}","location":"app-system-defaults","version":"1.1","type":"extension","internalName":null,"updateURL":null,"updateKey":null,"optionsURL":null,"optionsType":null,"aboutURL":null,"defaultLocale":{"name":"Web Compat","description":"Urgent post-release fixes for web compatibility.","creator":null,"homepageURL":null},"visible":true,"active":false,"userDisabled":false,"appDisabled":false,"installDate":1515180656505,"updateDate":1515180656505,"applyBackgroundUpdates":1,"bootstrap":true,"path":"C:\\Program Files (x86)\\Mozilla Firefox\\browser\\features\\webcompat@mozilla.org.xpi","skinnable":false,"size":9268,"sourceURI":null,"releaseNotesURI":null,"softDisabled":false,"foreignInstall":false,"hasBinaryComponents":false,"strictCompatibility":false,"locales":[],"targetApplications":[{"id":"{ec8030f7-c20a-464f-9b0e-13a3a9e97384}","minVersion":"57.0.4","maxVersion":"57.*"}],"targetPlatforms":[],"multiprocessCompatible":true,"seen":true,"dependencies":[],"hasEmbeddedWebExtension":false,"mpcOptedOut":false,"userPermissions":null,"icons":{},"iconURL":null,"icon64URL":null,"blocklistState":0,"blocklistURL":null}
1515781236559	DeferredSave.extensions.json	DEBUG	Save changes
1515781236559	addons.xpi-utils	DEBUG	Make addon app-global:{972ce4c6-7e08-4474-a285-3208198ce6fd} visible
1515781236559	addons.xpi	DEBUG	Updating XPIState for {"id":"{972ce4c6-7e08-4474-a285-3208198ce6fd}","syncGUID":"{9dbfe251-04b6-4343-a47c-a41bfb202a18}","location":"app-global","version":"57.0.4","type":"theme","internalName":"classic/1.0","updateURL":null,"updateKey":null,"optionsURL":null,"optionsType":null,"optionsBrowserStyle":null,"aboutURL":null,"defaultLocale":{"name":"Default","description":"The default theme.","creator":"Mozilla","homepageURL":null,"contributors":["Mozilla Contributors"]},"visible":true,"active":false,"userDisabled":false,"appDisabled":false,"installDate":1515180659505,"updateDate":1515180659505,"applyBackgroundUpdates":1,"path":"C:\\Program Files (x86)\\Mozilla Firefox\\browser\\extensions\\{972ce4c6-7e08-4474-a285-3208198ce6fd}.xpi","skinnable":true,"size":3354,"sourceURI":null,"releaseNotesURI":null,"softDisabled":false,"foreignInstall":false,"hasBinaryComponents":false,"strictCompatibility":true,"locales":[],"targetApplications":[{"id":"{ec8030f7-c20a-464f-9b0e-13a3a9e97384}","minVersion":"57.0.4","maxVersion":"57.0.4"}],"targetPlatforms":[],"seen":true,"dependencies":[],"hasEmbeddedWebExtension":false,"userPermissions":null,"icons":{},"iconURL":"chrome://browser/content/default-theme-icon.svg","icon64URL":null,"blocklistState":0,"blocklistURL":null}
1515781236560	DeferredSave.extensions.json	DEBUG	Save changes
1515781236560	addons.xpi	DEBUG	Updating XPIState for {"id":"activity-stream@mozilla.org","syncGUID":"{c2e665cf-0550-4c8b-bbde-e0bcc2ab54bf}","location":"app-system-defaults","version":"2017.11.07.1100-7f4e3634","type":"extension","internalName":null,"updateURL":null,"updateKey":null,"optionsURL":null,"optionsType":null,"aboutURL":null,"defaultLocale":{"name":"Activity Stream","description":"A rich visual history feed and a reimagined home page make it easier than ever to find exactly what you're looking for in Firefox.","creator":null,"homepageURL":null},"visible":true,"active":true,"userDisabled":false,"appDisabled":false,"installDate":1515180659192,"updateDate":1515180659192,"applyBackgroundUpdates":1,"bootstrap":true,"path":"C:\\Program Files (x86)\\Mozilla Firefox\\browser\\features\\activity-stream@mozilla.org.xpi","skinnable":false,"size":1423182,"sourceURI":null,"releaseNotesURI":null,"softDisabled":false,"foreignInstall":false,"hasBinaryComponents":false,"strictCompatibility":false,"locales":[],"targetApplications":[{"id":"{ec8030f7-c20a-464f-9b0e-13a3a9e97384}","minVersion":"57.0.4","maxVersion":"57.*"}],"targetPlatforms":[],"multiprocessCompatible":true,"seen":true,"dependencies":[],"hasEmbeddedWebExtension":false,"mpcOptedOut":false,"userPermissions":null,"icons":{},"iconURL":null,"icon64URL":null,"blocklistState":0,"blocklistURL":null}
1515781236561	addons.xpi	DEBUG	Updating XPIState for {"id":"aushelper@mozilla.org","syncGUID":"{9e32437d-c8cf-41f6-aad9-9c599f03c374}","location":"app-system-defaults","version":"2.0","type":"extension","internalName":null,"updateURL":null,"updateKey":null,"optionsURL":null,"optionsType":null,"aboutURL":null,"defaultLocale":{"name":"Application Update Service Helper","description":"Sets value(s) in the update url based on custom checks.","creator":null,"homepageURL":null},"visible":true,"active":true,"userDisabled":false,"appDisabled":false,"installDate":1515180658796,"updateDate":1515180658796,"applyBackgroundUpdates":1,"bootstrap":true,"path":"C:\\Program Files (x86)\\Mozilla Firefox\\browser\\features\\aushelper@mozilla.org.xpi","skinnable":false,"size":8488,"sourceURI":null,"releaseNotesURI":null,"softDisabled":false,"foreignInstall":false,"hasBinaryComponents":false,"strictCompatibility":false,"locales":[],"targetApplications":[{"id":"{ec8030f7-c20a-464f-9b0e-13a3a9e97384}","minVersion":"57.0.4","maxVersion":"57.*"}],"targetPlatforms":[],"multiprocessCompatible":true,"seen":true,"dependencies":[],"hasEmbeddedWebExtension":false,"mpcOptedOut":false,"userPermissions":null,"icons":{},"iconURL":null,"icon64URL":null,"blocklistState":0,"blocklistURL":null}
1515781236561	addons.xpi	DEBUG	Updating XPIState for {"id":"e10srollout@mozilla.org","syncGUID":"{ec6ba136-4aee-4c63-80d6-3f2b6523599c}","location":"app-system-defaults","version":"3.05","type":"extension","internalName":null,"updateURL":null,"updateKey":null,"optionsURL":null,"optionsType":null,"aboutURL":null,"defaultLocale":{"name":"Multi-process staged rollout","description":"Staged rollout of Firefox multi-process feature.","creator":null,"homepageURL":null},"visible":true,"active":true,"userDisabled":false,"appDisabled":false,"installDate":1515180658670,"updateDate":1515180658670,"applyBackgroundUpdates":1,"bootstrap":true,"path":"C:\\Program Files (x86)\\Mozilla Firefox\\browser\\features\\e10srollout@mozilla.org.xpi","skinnable":false,"size":13479,"sourceURI":null,"releaseNotesURI":null,"softDisabled":false,"foreignInstall":false,"hasBinaryComponents":false,"strictCompatibility":false,"locales":[],"targetApplications":[{"id":"{ec8030f7-c20a-464f-9b0e-13a3a9e97384}","minVersion":"57.0.4","maxVersion":"57.*"}],"targetPlatforms":[],"multiprocessCompatible":true,"seen":true,"dependencies":[],"hasEmbeddedWebExtension":false,"mpcOptedOut":false,"userPermissions":null,"icons":{},"iconURL":null,"icon64URL":null,"blocklistState":0,"blocklistURL":null}
1515781236561	addons.xpi	DEBUG	Updating XPIState for {"id":"firefox@getpocket.com","syncGUID":"{09476ec7-453c-410e-a6c7-d5c4fc420879}","location":"app-system-defaults","version":"1.0.5","type":"extension","internalName":null,"updateURL":null,"updateKey":null,"optionsURL":null,"optionsType":null,"aboutURL":null,"defaultLocale":{"name":"Pocket","description":"When you find something you want to view later, put it in Pocket.","creator":null,"homepageURL":null},"visible":true,"active":true,"userDisabled":false,"appDisabled":false,"installDate":1515180658373,"updateDate":1515180658373,"applyBackgroundUpdates":1,"bootstrap":true,"path":"C:\\Program Files (x86)\\Mozilla Firefox\\browser\\features\\firefox@getpocket.com.xpi","skinnable":false,"size":914808,"sourceURI":null,"releaseNotesURI":null,"softDisabled":false,"foreignInstall":false,"hasBinaryComponents":false,"strictCompatibility":false,"locales":[],"targetApplications":[{"id":"{ec8030f7-c20a-464f-9b0e-13a3a9e97384}","minVersion":"57.0.4","maxVersion":"57.*"}],"targetPlatforms":[],"multiprocessCompatible":true,"seen":true,"dependencies":[],"hasEmbeddedWebExtension":false,"mpcOptedOut":false,"userPermissions":null,"icons":{},"iconURL":null,"icon64URL":null,"blocklistState":0,"blocklistURL":null}
1515781236561	addons.xpi	DEBUG	Updating XPIState for {"id":"followonsearch@mozilla.com","syncGUID":"{dff25fd3-948e-4c62-9400-ac98234a5fc2}","location":"app-system-defaults","version":"0.9.6","type":"extension","internalName":null,"updateURL":null,"updateKey":null,"optionsURL":null,"optionsType":null,"aboutURL":null,"defaultLocale":{"name":"Follow-on Search Telemetry","description":null,"creator":null,"homepageURL":null},"visible":true,"active":true,"userDisabled":false,"appDisabled":false,"installDate":1512754338646,"updateDate":1512754338646,"applyBackgroundUpdates":1,"bootstrap":true,"path":"C:\\Program Files (x86)\\Mozilla Firefox\\browser\\features\\followonsearch@mozilla.com.xpi","skinnable":false,"size":18625,"sourceURI":null,"releaseNotesURI":null,"softDisabled":false,"foreignInstall":false,"hasBinaryComponents":false,"strictCompatibility":false,"locales":[],"targetApplications":[{"id":"{ec8030f7-c20a-464f-9b0e-13a3a9e97384}","minVersion":"52.0","maxVersion":"59.*"}],"targetPlatforms":[],"multiprocessCompatible":true,"seen":true,"dependencies":[],"hasEmbeddedWebExtension":false,"mpcOptedOut":false,"userPermissions":null,"icons":{},"iconURL":null,"icon64URL":null,"blocklistState":0,"blocklistURL":null}
1515781236561	addons.xpi	DEBUG	Updating XPIState for {"id":"formautofill@mozilla.org","syncGUID":"{278bdb97-057f-46d1-be11-1a55b66e66b2}","location":"app-system-defaults","version":"1.0","type":"extension","internalName":null,"updateURL":null,"updateKey":null,"optionsURL":null,"optionsType":null,"aboutURL":null,"defaultLocale":{"name":"Form Autofill","description":"Autofill forms with saved profiles","creator":null,"homepageURL":null},"visible":true,"active":true,"userDisabled":false,"appDisabled":false,"installDate":1515180658014,"updateDate":1515180658014,"applyBackgroundUpdates":1,"bootstrap":true,"path":"C:\\Program Files (x86)\\Mozilla Firefox\\browser\\features\\formautofill@mozilla.org.xpi","skinnable":false,"size":380181,"sourceURI":null,"releaseNotesURI":null,"softDisabled":false,"foreignInstall":false,"hasBinaryComponents":false,"strictCompatibility":false,"locales":[],"targetApplications":[{"id":"{ec8030f7-c20a-464f-9b0e-13a3a9e97384}","minVersion":"57.0.4","maxVersion":"57.*"}],"targetPlatforms":[],"multiprocessCompatible":true,"seen":true,"dependencies":[],"hasEmbeddedWebExtension":false,"mpcOptedOut":false,"userPermissions":null,"icons":{},"iconURL":null,"icon64URL":null,"blocklistState":0,"blocklistURL":null}
1515781236561	addons.xpi	DEBUG	Updating XPIState for {"id":"onboarding@mozilla.org","syncGUID":"{2a33ce27-4435-4f33-9b1c-8c103f5085e0}","location":"app-system-defaults","version":"1.0","type":"extension","internalName":null,"updateURL":null,"updateKey":null,"optionsURL":null,"optionsType":null,"aboutURL":null,"defaultLocale":{"name":"Photon onboarding","description":"Photon onboarding","creator":null,"homepageURL":null},"visible":true,"active":true,"userDisabled":false,"appDisabled":false,"installDate":1515180657668,"updateDate":1515180657668,"applyBackgroundUpdates":1,"bootstrap":true,"path":"C:\\Program Files (x86)\\Mozilla Firefox\\browser\\features\\onboarding@mozilla.org.xpi","skinnable":false,"size":550106,"sourceURI":null,"releaseNotesURI":null,"softDisabled":false,"foreignInstall":false,"hasBinaryComponents":false,"strictCompatibility":false,"locales":[],"targetApplications":[{"id":"{ec8030f7-c20a-464f-9b0e-13a3a9e97384}","minVersion":"57.0.4","maxVersion":"57.*"}],"targetPlatforms":[],"multiprocessCompatible":true,"seen":true,"dependencies":[],"hasEmbeddedWebExtension":false,"mpcOptedOut":false,"userPermissions":null,"icons":{},"iconURL":null,"icon64URL":null,"blocklistState":0,"blocklistURL":null}
1515781236561	addons.xpi	DEBUG	Updating XPIState for {"id":"screenshots@mozilla.org","syncGUID":"{453d394c-3d76-49e6-ab53-8fcc504fd24c}","location":"app-system-defaults","version":"19.2.0","type":"extension","internalName":null,"updateURL":null,"updateKey":null,"optionsURL":null,"optionsType":null,"aboutURL":null,"defaultLocale":{"name":"Firefox Screenshots","description":null,"creator":null,"homepageURL":"https://screenshots.firefox.com/"},"visible":true,"active":true,"userDisabled":false,"appDisabled":false,"installDate":1512754338428,"updateDate":1512754338428,"applyBackgroundUpdates":1,"bootstrap":true,"path":"C:\\Program Files (x86)\\Mozilla Firefox\\browser\\features\\screenshots@mozilla.org.xpi","skinnable":false,"size":884473,"sourceURI":null,"releaseNotesURI":null,"softDisabled":false,"foreignInstall":false,"hasBinaryComponents":false,"strictCompatibility":false,"locales":[],"targetApplications":[{"id":"{ec8030f7-c20a-464f-9b0e-13a3a9e97384}","minVersion":"57.0a1","maxVersion":"*"}],"targetPlatforms":[],"multiprocessCompatible":true,"seen":true,"dependencies":[],"hasEmbeddedWebExtension":false,"mpcOptedOut":false,"userPermissions":null,"icons":{},"iconURL":null,"icon64URL":null,"blocklistState":0,"blocklistURL":null}
1515781236562	addons.xpi	DEBUG	Updating XPIState for {"id":"shield-recipe-client@mozilla.org","syncGUID":"{4a056057-6312-4cbb-a0be-5b49551682c5}","location":"app-system-defaults","version":"76.1","type":"extension","internalName":null,"updateURL":null,"updateKey":null,"optionsURL":null,"optionsType":null,"aboutURL":null,"defaultLocale":{"name":"Shield Recipe Client","description":"Client to download and run recipes for SHIELD, Heartbeat, etc.","creator":null,"homepageURL":null},"visible":true,"active":true,"userDisabled":false,"appDisabled":false,"installDate":1515180656552,"updateDate":1515180656552,"applyBackgroundUpdates":1,"bootstrap":true,"path":"C:\\Program Files (x86)\\Mozilla Firefox\\browser\\features\\shield-recipe-client@mozilla.org.xpi","skinnable":false,"size":364002,"sourceURI":null,"releaseNotesURI":null,"softDisabled":false,"foreignInstall":false,"hasBinaryComponents":false,"strictCompatibility":false,"locales":[],"targetApplications":[{"id":"{ec8030f7-c20a-464f-9b0e-13a3a9e97384}","minVersion":"57.0.4","maxVersion":"57.*"}],"targetPlatforms":[],"multiprocessCompatible":true,"seen":true,"dependencies":[],"hasEmbeddedWebExtension":false,"mpcOptedOut":false,"userPermissions":null,"icons":{},"iconURL":null,"icon64URL":null,"blocklistState":0,"blocklistURL":null}
1515781236562	addons.xpi	DEBUG	Updating XPIState for {"id":"webcompat@mozilla.org","syncGUID":"{fca875d1-cf2f-4fe7-b58a-0c0af790b38e}","location":"app-system-defaults","version":"1.1","type":"extension","internalName":null,"updateURL":null,"updateKey":null,"optionsURL":null,"optionsType":null,"aboutURL":null,"defaultLocale":{"name":"Web Compat","description":"Urgent post-release fixes for web compatibility.","creator":null,"homepageURL":null},"visible":true,"active":true,"userDisabled":false,"appDisabled":false,"installDate":1515180656505,"updateDate":1515180656505,"applyBackgroundUpdates":1,"bootstrap":true,"path":"C:\\Program Files (x86)\\Mozilla Firefox\\browser\\features\\webcompat@mozilla.org.xpi","skinnable":false,"size":9268,"sourceURI":null,"releaseNotesURI":null,"softDisabled":false,"foreignInstall":false,"hasBinaryComponents":false,"strictCompatibility":false,"locales":[],"targetApplications":[{"id":"{ec8030f7-c20a-464f-9b0e-13a3a9e97384}","minVersion":"57.0.4","maxVersion":"57.*"}],"targetPlatforms":[],"multiprocessCompatible":true,"seen":true,"dependencies":[],"hasEmbeddedWebExtension":false,"mpcOptedOut":false,"userPermissions":null,"icons":{},"iconURL":null,"icon64URL":null,"blocklistState":0,"blocklistURL":null}
1515781236562	addons.xpi	DEBUG	Updating XPIState for {"id":"{972ce4c6-7e08-4474-a285-3208198ce6fd}","syncGUID":"{9dbfe251-04b6-4343-a47c-a41bfb202a18}","location":"app-global","version":"57.0.4","type":"theme","internalName":"classic/1.0","updateURL":null,"updateKey":null,"optionsURL":null,"optionsType":null,"optionsBrowserStyle":null,"aboutURL":null,"defaultLocale":{"name":"Default","description":"The default theme.","creator":"Mozilla","homepageURL":null,"contributors":["Mozilla Contributors"]},"visible":true,"active":true,"userDisabled":false,"appDisabled":false,"installDate":1515180659505,"updateDate":1515180659505,"applyBackgroundUpdates":1,"path":"C:\\Program Files (x86)\\Mozilla Firefox\\browser\\extensions\\{972ce4c6-7e08-4474-a285-3208198ce6fd}.xpi","skinnable":true,"size":3354,"sourceURI":null,"releaseNotesURI":null,"softDisabled":false,"foreignInstall":false,"hasBinaryComponents":false,"strictCompatibility":true,"locales":[],"targetApplications":[{"id":"{ec8030f7-c20a-464f-9b0e-13a3a9e97384}","minVersion":"57.0.4","maxVersion":"57.0.4"}],"targetPlatforms":[],"seen":true,"dependencies":[],"hasEmbeddedWebExtension":false,"userPermissions":null,"icons":{},"iconURL":"chrome://browser/content/default-theme-icon.svg","icon64URL":null,"blocklistState":0,"blocklistURL":null}
1515781236562	DeferredSave.extensions.json	DEBUG	Save changes
1515781236562	addons.xpi	DEBUG	Updating database with changes to installed add-ons
1515781236562	addons.xpi-utils	DEBUG	Updating add-on states
1515781236567	addons.xpi	DEBUG	Registering manifest for C:\Program Files (x86)\Mozilla Firefox\browser\features\activity-stream@mozilla.org.xpi
1515781236567	addons.xpi	DEBUG	Calling bootstrap method startup on activity-stream@mozilla.org version 2017.11.07.1100-7f4e3634
1515781236568	addons.xpi	DEBUG	Registering manifest for C:\Program Files (x86)\Mozilla Firefox\browser\features\aushelper@mozilla.org.xpi
1515781236568	addons.xpi	DEBUG	Calling bootstrap method startup on aushelper@mozilla.org version 2.0
1515781236569	addons.xpi	DEBUG	Registering manifest for C:\Program Files (x86)\Mozilla Firefox\browser\features\e10srollout@mozilla.org.xpi
1515781236569	addons.xpi	DEBUG	Calling bootstrap method startup on e10srollout@mozilla.org version 3.05
1515781236569	addons.xpi	DEBUG	Registering manifest for C:\Program Files (x86)\Mozilla Firefox\browser\features\firefox@getpocket.com.xpi
1515781236570	addons.xpi	DEBUG	Calling bootstrap method startup on firefox@getpocket.com version 1.0.5
1515781236609	addons.xpi	DEBUG	Registering manifest for C:\Program Files (x86)\Mozilla Firefox\browser\features\followonsearch@mozilla.com.xpi
1515781236609	addons.xpi	DEBUG	Calling bootstrap method startup on followonsearch@mozilla.com version 0.9.6
1515781236609	addons.xpi	DEBUG	Registering manifest for C:\Program Files (x86)\Mozilla Firefox\browser\features\formautofill@mozilla.org.xpi
1515781236610	addons.xpi	DEBUG	Calling bootstrap method startup on formautofill@mozilla.org version 1.0
1515781236610	addons.xpi	DEBUG	Registering manifest for C:\Program Files (x86)\Mozilla Firefox\browser\features\onboarding@mozilla.org.xpi
1515781236610	addons.xpi	DEBUG	Calling bootstrap method startup on onboarding@mozilla.org version 1.0
1515781236610	addons.xpi	DEBUG	Registering manifest for C:\Program Files (x86)\Mozilla Firefox\browser\features\screenshots@mozilla.org.xpi
1515781236611	addons.xpi	DEBUG	Calling bootstrap method startup on screenshots@mozilla.org version 19.2.0
1515781236611	addons.xpi	DEBUG	Registering manifest for C:\Program Files (x86)\Mozilla Firefox\browser\features\shield-recipe-client@mozilla.org.xpi
1515781236611	addons.xpi	DEBUG	Calling bootstrap method startup on shield-recipe-client@mozilla.org version 76.1
1515781236616	addons.xpi	DEBUG	Registering manifest for C:\Program Files (x86)\Mozilla Firefox\browser\features\webcompat@mozilla.org.xpi
1515781236617	addons.xpi	DEBUG	Calling bootstrap method startup on webcompat@mozilla.org version 1.1
1515781236646	addons.manager	DEBUG	Registering shutdown blocker for XPIProvider
1515781236646	addons.manager	DEBUG	Provider finished startup: XPIProvider
1515781236646	addons.manager	DEBUG	Starting provider: LightweightThemeManager
1515781236646	addons.manager	DEBUG	Registering shutdown blocker for LightweightThemeManager
1515781236646	addons.manager	DEBUG	Provider finished startup: LightweightThemeManager
1515781236647	addons.manager	DEBUG	Starting provider: GMPProvider
1515781236651	addons.manager	DEBUG	Registering shutdown blocker for GMPProvider
1515781236651	addons.manager	DEBUG	Provider finished startup: GMPProvider
1515781236652	addons.manager	DEBUG	Starting provider: PluginProvider
1515781236652	addons.manager	DEBUG	Registering shutdown blocker for PluginProvider
1515781236652	addons.manager	DEBUG	Provider finished startup: PluginProvider
1515781236652	addons.manager	DEBUG	Completed startup sequence
1515781237268	Marionette	INFO	Enabled via --marionette
1515781237636	addons.manager	DEBUG	Starting provider: PreviousExperimentProvider
1515781237636	addons.manager	DEBUG	Registering shutdown blocker for PreviousExperimentProvider
1515781237637	addons.manager	DEBUG	Provider finished startup: PreviousExperimentProvider
1515781238112	DeferredSave.extensions.json	DEBUG	Starting write
Unable to read VR Path Registry from C:\Users\Saqib kamal\AppData\Local\openvr\openvrpaths.vrpath
[Parent 9336, Gecko_IOThread] WARNING: pipe error: 109: file z:/build/build/src/ipc/chromium/src/chrome/common/ipc_channel_win.cc, line 346
1515781240508	DeferredSave.extensions.json	DEBUG	Write succeeded
1515781240508	addons.xpi-utils	DEBUG	XPI Database saved, setting schema version preference to 23
1515781240511	DeferredSave.webext.sc.lz4	DEBUG	Save changes
1515781240511	DeferredSave.webext.sc.lz4	DEBUG	Starting timer
1515781240747	DeferredSave.webext.sc.lz4	DEBUG	Save changes
1515781240788	DeferredSave.webext.sc.lz4	DEBUG	Save changes
1515781240789	DeferredSave.webext.sc.lz4	DEBUG	Save changes
1515781240789	DeferredSave.webext.sc.lz4	DEBUG	Save changes
1515781240790	DeferredSave.webext.sc.lz4	DEBUG	Save changes
1515781240791	DeferredSave.webext.sc.lz4	DEBUG	Save changes
1515781240792	DeferredSave.webext.sc.lz4	DEBUG	Save changes
1515781240793	DeferredSave.webext.sc.lz4	DEBUG	Save changes
1515781240793	DeferredSave.webext.sc.lz4	DEBUG	Save changes
1515781240794	DeferredSave.webext.sc.lz4	DEBUG	Save changes
1515781240794	DeferredSave.webext.sc.lz4	DEBUG	Save changes
1515781240795	DeferredSave.webext.sc.lz4	DEBUG	Save changes
1515781240795	DeferredSave.webext.sc.lz4	DEBUG	Save changes
1515781240796	DeferredSave.webext.sc.lz4	DEBUG	Save changes
1515781240796	DeferredSave.webext.sc.lz4	DEBUG	Save changes
1515781240797	DeferredSave.webext.sc.lz4	DEBUG	Save changes
1515781240798	DeferredSave.webext.sc.lz4	DEBUG	Save changes
1515781240799	DeferredSave.webext.sc.lz4	DEBUG	Save changes
1515781240799	DeferredSave.webext.sc.lz4	DEBUG	Save changes
1515781240800	DeferredSave.webext.sc.lz4	DEBUG	Save changes
1515781240800	DeferredSave.webext.sc.lz4	DEBUG	Save changes
1515781240801	DeferredSave.webext.sc.lz4	DEBUG	Save changes
1515781240801	DeferredSave.webext.sc.lz4	DEBUG	Save changes
1515781240803	DeferredSave.webext.sc.lz4	DEBUG	Save changes
1515781240804	DeferredSave.webext.sc.lz4	DEBUG	Save changes
1515781240804	DeferredSave.webext.sc.lz4	DEBUG	Save changes
1515781240805	DeferredSave.webext.sc.lz4	DEBUG	Save changes
1515781240805	DeferredSave.webext.sc.lz4	DEBUG	Save changes
1515781240805	DeferredSave.webext.sc.lz4	DEBUG	Save changes
1515781240806	DeferredSave.webext.sc.lz4	DEBUG	Save changes
1515781240806	DeferredSave.webext.sc.lz4	DEBUG	Save changes
1515781240807	DeferredSave.webext.sc.lz4	DEBUG	Save changes
1515781240808	DeferredSave.webext.sc.lz4	DEBUG	Save changes
1515781240808	DeferredSave.webext.sc.lz4	DEBUG	Save changes
1515781240809	DeferredSave.webext.sc.lz4	DEBUG	Save changes
1515781240809	DeferredSave.webext.sc.lz4	DEBUG	Save changes
1515781240810	DeferredSave.webext.sc.lz4	DEBUG	Save changes
1515781240810	DeferredSave.webext.sc.lz4	DEBUG	Save changes
1515781240811	DeferredSave.webext.sc.lz4	DEBUG	Save changes
1515781240811	DeferredSave.webext.sc.lz4	DEBUG	Save changes
1515781240811	DeferredSave.webext.sc.lz4	DEBUG	Save changes
1515781240812	DeferredSave.webext.sc.lz4	DEBUG	Save changes
1515781240813	DeferredSave.webext.sc.lz4	DEBUG	Save changes
1515781240814	DeferredSave.webext.sc.lz4	DEBUG	Save changes
1515781240815	DeferredSave.webext.sc.lz4	DEBUG	Save changes
1515781240815	DeferredSave.webext.sc.lz4	DEBUG	Save changes
1515781240816	DeferredSave.webext.sc.lz4	DEBUG	Save changes
1515781240818	DeferredSave.webext.sc.lz4	DEBUG	Save changes
1515781240818	DeferredSave.webext.sc.lz4	DEBUG	Save changes
1515781240819	DeferredSave.webext.sc.lz4	DEBUG	Save changes
1515781240820	DeferredSave.webext.sc.lz4	DEBUG	Save changes
1515781240860	DeferredSave.webext.sc.lz4	DEBUG	Save changes
1515781240893	DeferredSave.webext.sc.lz4	DEBUG	Save changes
1515781240894	DeferredSave.webext.sc.lz4	DEBUG	Save changes
1515781241028	addons.xpi	INFO	Mapping activity-stream@mozilla.org to C:\Program Files (x86)\Mozilla Firefox\browser\features\activity-stream@mozilla.org.xpi
1515781241028	addons.xpi	INFO	Mapping aushelper@mozilla.org to C:\Program Files (x86)\Mozilla Firefox\browser\features\aushelper@mozilla.org.xpi
1515781241028	addons.xpi	INFO	Mapping e10srollout@mozilla.org to C:\Program Files (x86)\Mozilla Firefox\browser\features\e10srollout@mozilla.org.xpi
1515781241028	addons.xpi	INFO	Mapping firefox@getpocket.com to C:\Program Files (x86)\Mozilla Firefox\browser\features\firefox@getpocket.com.xpi
1515781241028	addons.xpi	INFO	Mapping followonsearch@mozilla.com to C:\Program Files (x86)\Mozilla Firefox\browser\features\followonsearch@mozilla.com.xpi
1515781241028	addons.xpi	INFO	Mapping formautofill@mozilla.org to C:\Program Files (x86)\Mozilla Firefox\browser\features\formautofill@mozilla.org.xpi
1515781241028	addons.xpi	INFO	Mapping onboarding@mozilla.org to C:\Program Files (x86)\Mozilla Firefox\browser\features\onboarding@mozilla.org.xpi
1515781241028	addons.xpi	INFO	Mapping screenshots@mozilla.org to C:\Program Files (x86)\Mozilla Firefox\browser\features\screenshots@mozilla.org.xpi
1515781241028	addons.xpi	INFO	Mapping shield-recipe-client@mozilla.org to C:\Program Files (x86)\Mozilla Firefox\browser\features\shield-recipe-client@mozilla.org.xpi
1515781241029	addons.xpi	INFO	Mapping webcompat@mozilla.org to C:\Program Files (x86)\Mozilla Firefox\browser\features\webcompat@mozilla.org.xpi
1515781241029	addons.xpi	DEBUG	Existing add-on activity-stream@mozilla.org in app-system-defaults
1515781241029	addons.xpi	DEBUG	Existing add-on aushelper@mozilla.org in app-system-defaults
1515781241029	addons.xpi	DEBUG	Existing add-on e10srollout@mozilla.org in app-system-defaults
1515781241030	addons.xpi	DEBUG	Existing add-on firefox@getpocket.com in app-system-defaults
1515781241030	addons.xpi	DEBUG	Existing add-on followonsearch@mozilla.com in app-system-defaults
1515781241030	addons.xpi	DEBUG	Existing add-on formautofill@mozilla.org in app-system-defaults
1515781241031	addons.xpi	DEBUG	Existing add-on onboarding@mozilla.org in app-system-defaults
1515781241031	addons.xpi	DEBUG	Existing add-on screenshots@mozilla.org in app-system-defaults
1515781241031	addons.xpi	DEBUG	Existing add-on shield-recipe-client@mozilla.org in app-system-defaults
1515781241032	addons.xpi	DEBUG	Existing add-on webcompat@mozilla.org in app-system-defaults
1515781241032	addons.xpi	INFO	Mapping {972ce4c6-7e08-4474-a285-3208198ce6fd} to C:\Program Files (x86)\Mozilla Firefox\browser\extensions\{972ce4c6-7e08-4474-a285-3208198ce6fd}.xpi
1515781241033	addons.xpi	DEBUG	Existing add-on {972ce4c6-7e08-4474-a285-3208198ce6fd} in app-global
1515781241033	addons.xpi	DEBUG	getInstallState changed: false, state: {}
1515781243698	Marionette	INFO	Listening on port 62083
1515781243761	Marionette	WARN	TLS certificate errors will be ignored for this session
1515781243829	Marionette	DEBUG	Register listener.js for window 4294967297
1515781244035	Marionette	DEBUG	Received DOM event "beforeunload" for "about:blank"
1515781245222	Marionette	DEBUG	Received DOM event "pagehide" for "about:blank"
1515781245222	Marionette	DEBUG	Received DOM event "unload" for "about:blank"
1515781245517	DeferredSave.webext.sc.lz4	DEBUG	Starting write
1515781245522	DeferredSave.webext.sc.lz4	DEBUG	Write succeeded
1515781261117	Marionette	DEBUG	Received DOM event "DOMContentLoaded" for "https://www.youtube.com/watch?v=817P8W8-mGE"
1515781263440	Marionette	DEBUG	Received DOM event "pageshow" for "https://www.youtube.com/watch?v=817P8W8-mGE"
Unable to read VR Path Registry from C:\Users\Saqib kamal\AppData\Local\openvr\openvrpaths.vrpath
JavaScript error: https://www.youtube.com/yts/jsbin/spf-vflRfjT3b/spf.js, line 17: NS_ERROR_NOT_INITIALIZED: 
JavaScript error: https://www.youtube.com/yts/jsbin/spf-vflRfjT3b/spf.js, line 17: NS_ERROR_NOT_INITIALIZED: 
[Child 2484, Chrome_ChildThread] WARNING: pipe error: 109: file z:/build/build/src/ipc/chromium/src/chrome/common/ipc_channel_win.cc, line 346
[Child 2484, Chrome_ChildThread] WARNING: pipe error: 109: file z:/build/build/src/ipc/chromium/src/chrome/common/ipc_channel_win.cc, line 346
1515781269303	addons.xpi	DEBUG	Calling bootstrap method shutdown on webcompat@mozilla.org version 1.1
1515781269303	addons.xpi	DEBUG	Calling bootstrap method shutdown on shield-recipe-client@mozilla.org version 76.1
1515781269304	addons.xpi	DEBUG	Calling bootstrap method shutdown on screenshots@mozilla.org version 19.2.0
1515781269309	addons.xpi	DEBUG	Calling bootstrap method shutdown on onboarding@mozilla.org version 1.0
1515781269310	addons.xpi	DEBUG	Calling bootstrap method shutdown on formautofill@mozilla.org version 1.0
1515781269310	addons.xpi	DEBUG	Calling bootstrap method shutdown on followonsearch@mozilla.com version 0.9.6
1515781269311	addons.xpi	DEBUG	Calling bootstrap method shutdown on firefox@getpocket.com version 1.0.5
1515781269312	addons.xpi	DEBUG	Calling bootstrap method shutdown on e10srollout@mozilla.org version 3.05
1515781269313	addons.xpi	DEBUG	Calling bootstrap method shutdown on aushelper@mozilla.org version 2.0
1515781269313	addons.xpi	DEBUG	Calling bootstrap method shutdown on activity-stream@mozilla.org version 2017.11.07.1100-7f4e3634
[Parent 9336, Gecko_IOThread] WARNING: pipe error: 109: file z:/build/build/src/ipc/chromium/src/chrome/common/ipc_channel_win.cc, line 346
Unable to read VR Path Registry from C:\Users\Saqib kamal\AppData\Local\openvr\openvrpaths.vrpath
[Child 9464, Chrome_ChildThread] WARNING: pipe error: 109: file z:/build/build/src/ipc/chromium/src/chrome/common/ipc_channel_win.cc, line 346
[Child 9464, Chrome_ChildThread] WARNING: pipe error: 109: file z:/build/build/src/ipc/chromium/src/chrome/common/ipc_channel_win.cc, line 346
Unable to read VR Path Registry from C:\Users\Saqib kamal\AppData\Local\openvr\openvrpaths.vrpath
[Child 4648, Chrome_ChildThread] WARNING: pipe error: 109: file z:/build/build/src/ipc/chromium/src/chrome/common/ipc_channel_win.cc, line 346
[Child 4648, Chrome_ChildThread] WARNING: pipe error: 109: file z:/build/build/src/ipc/chromium/src/chrome/common/ipc_channel_win.cc, line 346
1515781269441	addons.manager	DEBUG	shutdown
1515781269441	addons.manager	DEBUG	Calling shutdown blocker for XPIProvider
1515781269441	addons.xpi	DEBUG	shutdown
1515781269441	addons.xpi-utils	DEBUG	shutdown
1515781269441	addons.manager	DEBUG	Calling shutdown blocker for LightweightThemeManager
1515781269442	addons.manager	DEBUG	Calling shutdown blocker for GMPProvider
1515781269442	addons.manager	DEBUG	Calling shutdown blocker for PluginProvider
1515781269442	addons.manager	DEBUG	Calling shutdown blocker for PreviousExperimentProvider
1515781269445	addons.manager	DEBUG	Async provider shutdown done
*** UTM:SVC TimerManager:registerTimer called after profile-before-change notification. Ignoring timer registration for id: telemetry_modules_ping

###!!! [Child][MessageChannel::SendAndWait] Error: Channel error: cannot send/recv

